  utils.c
c:\users\lxf\tinyengine\resources\code\utils.c : warning C4819: 该文件包含不能在当前代码页(936)中表示的字符。请将该文件保存为 Unicode 格式以防止数据丢失
c:\users\lxf\tinyengine\resources\code\utils.h : warning C4819: 该文件包含不能在当前代码页(936)中表示的字符。请将该文件保存为 Unicode 格式以防止数据丢失
c:\users\lxf\tinyengine\resources\code\tiny3d.h : warning C4819: 该文件包含不能在当前代码页(936)中表示的字符。请将该文件保存为 Unicode 格式以防止数据丢失
c:\users\lxf\tinyengine\resources\code\utils.c(71): warning C4018: “>”: 有符号/无符号不匹配
c:\users\lxf\tinyengine\resources\code\utils.c(344): warning C4244: “=”: 从“IUINT32”转换到“float”，可能丢失数据
c:\users\lxf\tinyengine\resources\code\utils.c(345): warning C4244: “=”: 从“IUINT32”转换到“float”，可能丢失数据
c:\users\lxf\tinyengine\resources\code\utils.c(346): warning C4244: “=”: 从“IUINT32”转换到“float”，可能丢失数据
c:\users\lxf\tinyengine\resources\code\utils.c(347): warning C4244: “=”: 从“IUINT32”转换到“float”，可能丢失数据
c:\users\lxf\tinyengine\resources\code\utils.c(350): warning C4244: “=”: 从“IUINT32”转换到“float”，可能丢失数据
c:\users\lxf\tinyengine\resources\code\utils.c(351): warning C4244: “=”: 从“IUINT32”转换到“float”，可能丢失数据
c:\users\lxf\tinyengine\resources\code\utils.c(352): warning C4244: “=”: 从“IUINT32”转换到“float”，可能丢失数据
c:\users\lxf\tinyengine\resources\code\utils.c(353): warning C4244: “=”: 从“IUINT32”转换到“float”，可能丢失数据
c:\users\lxf\tinyengine\resources\code\utils.c(356): warning C4244: “=”: 从“IUINT32”转换到“float”，可能丢失数据
c:\users\lxf\tinyengine\resources\code\utils.c(357): warning C4244: “=”: 从“IUINT32”转换到“float”，可能丢失数据
c:\users\lxf\tinyengine\resources\code\utils.c(358): warning C4244: “=”: 从“IUINT32”转换到“float”，可能丢失数据
c:\users\lxf\tinyengine\resources\code\utils.c(359): warning C4244: “=”: 从“IUINT32”转换到“float”，可能丢失数据
c:\users\lxf\tinyengine\resources\code\utils.c(362): warning C4244: “=”: 从“IUINT32”转换到“float”，可能丢失数据
c:\users\lxf\tinyengine\resources\code\utils.c(363): warning C4244: “=”: 从“IUINT32”转换到“float”，可能丢失数据
c:\users\lxf\tinyengine\resources\code\utils.c(364): warning C4244: “=”: 从“IUINT32”转换到“float”，可能丢失数据
c:\users\lxf\tinyengine\resources\code\utils.c(365): warning C4244: “=”: 从“IUINT32”转换到“float”，可能丢失数据
c:\users\lxf\tinyengine\resources\code\utils.c(494): warning C4305: “函数”: 从“double”到“float”截断
  libpng16.lib(png.obj) : 找到 MSIL .netmodule 或使用 /GL 编译的模块；正在使用 /LTCG 重新启动链接；将 /LTCG 添加到链接命令行以改进链接器性能
LINK : warning LNK4075: 忽略“/INCREMENTAL”(由于“/LTCG”规范)
main.obj : warning LNK4075: 忽略“/EDITANDCONTINUE”(由于“/OPT:LBR”规范)
    正在创建库 C:\Users\lxf\tinyEngine\project\project_windows\Debug\tinyEngine.lib 和对象 C:\Users\lxf\tinyEngine\project\project_windows\Debug\tinyEngine.exp
LINK : warning LNK4098: 默认库“LIBCMT”与其他库的使用冲突；请使用 /NODEFAULTLIB:library
  正在生成代码
  已完成代码的生成
  tinyEngine.vcxproj -> C:\Users\lxf\tinyEngine\project\project_windows\Debug\tinyEngine.exe
  tinyEngine.vcxproj -> C:\Users\lxf\tinyEngine\project\project_windows\Debug\tinyEngine.pdb (Partial PDB)
