c:\users\lxf\tinyengine\project\project_windows\tinyengine\debug\vc140.pdb
c:\users\lxf\tinyengine\project\project_windows\tinyengine\debug\vc140.idb
c:\users\lxf\tinyengine\project\project_windows\tinyengine\debug\main.obj
c:\users\lxf\tinyengine\project\project_windows\tinyengine\debug\utils.obj
c:\users\lxf\tinyengine\project\project_windows\debug\tinyengine.lib
c:\users\lxf\tinyengine\project\project_windows\debug\tinyengine.exp
c:\users\lxf\tinyengine\project\project_windows\debug\tinyengine.pdb
c:\users\lxf\tinyengine\project\project_windows\tinyengine\debug\tinyengine.tlog\cl.command.1.tlog
c:\users\lxf\tinyengine\project\project_windows\tinyengine\debug\tinyengine.tlog\cl.read.1.tlog
c:\users\lxf\tinyengine\project\project_windows\tinyengine\debug\tinyengine.tlog\cl.write.1.tlog
c:\users\lxf\tinyengine\project\project_windows\tinyengine\debug\tinyengine.tlog\link.5308-cvtres.read.1.tlog
c:\users\lxf\tinyengine\project\project_windows\tinyengine\debug\tinyengine.tlog\link.5308-cvtres.write.1.tlog
c:\users\lxf\tinyengine\project\project_windows\tinyengine\debug\tinyengine.tlog\link.5308-rc.read.1.tlog
c:\users\lxf\tinyengine\project\project_windows\tinyengine\debug\tinyengine.tlog\link.5308-rc.write.1.tlog
c:\users\lxf\tinyengine\project\project_windows\tinyengine\debug\tinyengine.tlog\link.5308.read.1.tlog
c:\users\lxf\tinyengine\project\project_windows\tinyengine\debug\tinyengine.tlog\link.5308.write.1.tlog
c:\users\lxf\tinyengine\project\project_windows\tinyengine\debug\tinyengine.tlog\link.command.1.tlog
c:\users\lxf\tinyengine\project\project_windows\tinyengine\debug\tinyengine.tlog\link.read.1.tlog
c:\users\lxf\tinyengine\project\project_windows\tinyengine\debug\tinyengine.tlog\link.write.1.tlog
c:\users\lxf\tinyengine\project\project_windows\tinyengine\debug\tinyengine.tlog\tinyengine.write.1u.tlog
