  utils_other.c
c:\users\lxf\tinyengine\project\project_windows\tinyengine\utils_other.c(4): warning C4013: “strcmp”未定义；假设外部返回 int
c:\users\lxf\tinyengine\project\project_windows\tinyengine\utils_other.c(5): error C4996: 'sprintf': This function or variable may be unsafe. Consider using sprintf_s instead. To disable deprecation, use _CRT_SECURE_NO_WARNINGS. See online help for details.
  c:\program files (x86)\windows kits\10\include\10.0.10240.0\ucrt\stdio.h(1769): note: 参见“sprintf”的声明
c:\users\lxf\tinyengine\project\project_windows\tinyengine\utils_other.c(7): error C4996: 'sprintf': This function or variable may be unsafe. Consider using sprintf_s instead. To disable deprecation, use _CRT_SECURE_NO_WARNINGS. See online help for details.
  c:\program files (x86)\windows kits\10\include\10.0.10240.0\ucrt\stdio.h(1769): note: 参见“sprintf”的声明
  utils.c
c:\users\lxf\tinyengine\resources\code\utils.c : warning C4819: 该文件包含不能在当前代码页(936)中表示的字符。请将该文件保存为 Unicode 格式以防止数据丢失
c:\users\lxf\tinyengine\resources\code\utils.h : warning C4819: 该文件包含不能在当前代码页(936)中表示的字符。请将该文件保存为 Unicode 格式以防止数据丢失
c:\users\lxf\tinyengine\resources\code\tiny3d.h : warning C4819: 该文件包含不能在当前代码页(936)中表示的字符。请将该文件保存为 Unicode 格式以防止数据丢失
c:\users\lxf\tinyengine\resources\code\utils.c(9): fatal error C1083: 无法打开包括文件: “png.h”: No such file or directory
  tiny3D.c
c:\users\lxf\tinyengine\resources\code\tiny3d.c : warning C4819: 该文件包含不能在当前代码页(936)中表示的字符。请将该文件保存为 Unicode 格式以防止数据丢失
c:\users\lxf\tinyengine\resources\code\tiny3d.h : warning C4819: 该文件包含不能在当前代码页(936)中表示的字符。请将该文件保存为 Unicode 格式以防止数据丢失
c:\users\lxf\tinyengine\resources\code\tiny3d.c(95): warning C4244: “return”: 从“double”转换到“float”，可能丢失数据
c:\users\lxf\tinyengine\resources\code\tiny3d.c(539): warning C4244: “=”: 从“double”转换到“float”，可能丢失数据
c:\users\lxf\tinyengine\resources\code\tiny3d.c(540): warning C4244: “=”: 从“double”转换到“float”，可能丢失数据
c:\users\lxf\tinyengine\resources\code\tiny3d.c(541): warning C4244: “=”: 从“double”转换到“float”，可能丢失数据
c:\users\lxf\tinyengine\resources\code\tiny3d.c(879): warning C4819: 该文件包含不能在当前代码页(936)中表示的字符。请将该文件保存为 Unicode 格式以防止数据丢失
c:\users\lxf\tinyengine\resources\code\tiny3d.c(827): warning C4244: “初始化”: 从“float”转换到“int”，可能丢失数据
c:\users\lxf\tinyengine\resources\code\tiny3d.c(875): warning C4244: “初始化”: 从“double”转换到“float”，可能丢失数据
c:\users\lxf\tinyengine\resources\code\tiny3d.c(876): warning C4244: “初始化”: 从“double”转换到“float”，可能丢失数据
c:\users\lxf\tinyengine\resources\code\tiny3d.c(980): warning C4244: “函数”: 从“int”转换到“float”，可能丢失数据
c:\users\lxf\tinyengine\resources\code\tiny3d.c(1175): warning C4244: “函数”: 从“int”转换到“float”，可能丢失数据
c:\users\lxf\tinyengine\resources\code\tiny3d.c(1246): warning C4244: “=”: 从“double”转换到“float”，可能丢失数据
c:\users\lxf\tinyengine\resources\code\tiny3d.c(1552): warning C4244: “函数”: 从“int”转换到“float”，可能丢失数据
c:\users\lxf\tinyengine\resources\code\tiny3d.c(1562): warning C4305: “=”: 从“double”到“float”截断
c:\users\lxf\tinyengine\resources\code\tiny3d.c(1572): warning C4244: “+=”: 从“double”转换到“float”，可能丢失数据
c:\users\lxf\tinyengine\resources\code\tiny3d.c(1561): warning C4244: “初始化”: 从“double”转换到“float”，可能丢失数据
  main.c
c:\users\lxf\tinyengine\resources\code\main.c : warning C4819: 该文件包含不能在当前代码页(936)中表示的字符。请将该文件保存为 Unicode 格式以防止数据丢失
c:\users\lxf\tinyengine\resources\code\main.c(5): fatal error C1083: 无法打开包括文件: “SDL.h”: No such file or directory
  正在生成代码...
