  main.c
..\..\..\resources\code\main.c : warning C4819: 该文件包含不能在当前代码页(936)中表示的字符。请将该文件保存为 Unicode 格式以防止数据丢失
c:\users\lxf\tinyengine\resources\code\utils.h : warning C4819: 该文件包含不能在当前代码页(936)中表示的字符。请将该文件保存为 Unicode 格式以防止数据丢失
c:\users\lxf\tinyengine\resources\code\tiny3D.h : warning C4819: 该文件包含不能在当前代码页(936)中表示的字符。请将该文件保存为 Unicode 格式以防止数据丢失
..\..\..\resources\code\main.c(152): warning C4305: “函数”: 从“double”到“float”截断
..\..\..\resources\code\main.c(162): warning C4018: “<”: 有符号/无符号不匹配
..\..\..\resources\code\main.c(190): warning C4018: “<”: 有符号/无符号不匹配
..\..\..\resources\code\main.c(291): warning C4305: “=”: 从“double”到“float”截断
..\..\..\resources\code\main.c(322): warning C4305: “=”: 从“double”到“float”截断
..\..\..\resources\code\main.c(419): warning C4244: “=”: 从“Sint32”转换到“float”，可能丢失数据
..\..\..\resources\code\main.c(420): warning C4244: “=”: 从“Sint32”转换到“float”，可能丢失数据
..\..\..\resources\code\main.c(425): warning C4244: “=”: 从“Sint32”转换到“float”，可能丢失数据
..\..\..\resources\code\main.c(426): warning C4244: “=”: 从“Sint32”转换到“float”，可能丢失数据
..\..\..\resources\code\main.c(277): warning C4244: “初始化”: 从“const int”转换到“float”，可能丢失数据
..\..\..\resources\code\main.c(363): warning C4305: “初始化”: 从“double”到“float”截断
  tiny3D.c
..\..\..\resources\code\tiny3D.c : warning C4819: 该文件包含不能在当前代码页(936)中表示的字符。请将该文件保存为 Unicode 格式以防止数据丢失
c:\users\lxf\tinyengine\resources\code\tiny3D.h : warning C4819: 该文件包含不能在当前代码页(936)中表示的字符。请将该文件保存为 Unicode 格式以防止数据丢失
..\..\..\resources\code\tiny3D.c(95): warning C4244: “return”: 从“double”转换到“float”，可能丢失数据
..\..\..\resources\code\tiny3D.c(539): warning C4244: “=”: 从“double”转换到“float”，可能丢失数据
..\..\..\resources\code\tiny3D.c(540): warning C4244: “=”: 从“double”转换到“float”，可能丢失数据
..\..\..\resources\code\tiny3D.c(541): warning C4244: “=”: 从“double”转换到“float”，可能丢失数据
..\..\..\resources\code\tiny3D.c(879): warning C4819: 该文件包含不能在当前代码页(936)中表示的字符。请将该文件保存为 Unicode 格式以防止数据丢失
..\..\..\resources\code\tiny3D.c(827): warning C4244: “初始化”: 从“float”转换到“int”，可能丢失数据
..\..\..\resources\code\tiny3D.c(875): warning C4244: “初始化”: 从“double”转换到“float”，可能丢失数据
..\..\..\resources\code\tiny3D.c(876): warning C4244: “初始化”: 从“double”转换到“float”，可能丢失数据
..\..\..\resources\code\tiny3D.c(980): warning C4244: “函数”: 从“int”转换到“float”，可能丢失数据
..\..\..\resources\code\tiny3D.c(1175): warning C4244: “函数”: 从“int”转换到“float”，可能丢失数据
..\..\..\resources\code\tiny3D.c(1246): warning C4244: “=”: 从“double”转换到“float”，可能丢失数据
..\..\..\resources\code\tiny3D.c(1552): warning C4244: “函数”: 从“int”转换到“float”，可能丢失数据
..\..\..\resources\code\tiny3D.c(1562): warning C4305: “=”: 从“double”到“float”截断
..\..\..\resources\code\tiny3D.c(1572): warning C4244: “+=”: 从“double”转换到“float”，可能丢失数据
..\..\..\resources\code\tiny3D.c(1561): warning C4244: “初始化”: 从“double”转换到“float”，可能丢失数据
  utils.c
..\..\..\resources\code\utils.c : warning C4819: 该文件包含不能在当前代码页(936)中表示的字符。请将该文件保存为 Unicode 格式以防止数据丢失
c:\users\lxf\tinyengine\resources\code\utils.h : warning C4819: 该文件包含不能在当前代码页(936)中表示的字符。请将该文件保存为 Unicode 格式以防止数据丢失
c:\users\lxf\tinyengine\resources\code\tiny3D.h : warning C4819: 该文件包含不能在当前代码页(936)中表示的字符。请将该文件保存为 Unicode 格式以防止数据丢失
..\..\..\resources\code\utils.c(71): warning C4018: “>”: 有符号/无符号不匹配
..\..\..\resources\code\utils.c(344): warning C4244: “=”: 从“IUINT32”转换到“float”，可能丢失数据
..\..\..\resources\code\utils.c(345): warning C4244: “=”: 从“IUINT32”转换到“float”，可能丢失数据
..\..\..\resources\code\utils.c(346): warning C4244: “=”: 从“IUINT32”转换到“float”，可能丢失数据
..\..\..\resources\code\utils.c(347): warning C4244: “=”: 从“IUINT32”转换到“float”，可能丢失数据
..\..\..\resources\code\utils.c(350): warning C4244: “=”: 从“IUINT32”转换到“float”，可能丢失数据
..\..\..\resources\code\utils.c(351): warning C4244: “=”: 从“IUINT32”转换到“float”，可能丢失数据
..\..\..\resources\code\utils.c(352): warning C4244: “=”: 从“IUINT32”转换到“float”，可能丢失数据
..\..\..\resources\code\utils.c(353): warning C4244: “=”: 从“IUINT32”转换到“float”，可能丢失数据
..\..\..\resources\code\utils.c(356): warning C4244: “=”: 从“IUINT32”转换到“float”，可能丢失数据
..\..\..\resources\code\utils.c(357): warning C4244: “=”: 从“IUINT32”转换到“float”，可能丢失数据
..\..\..\resources\code\utils.c(358): warning C4244: “=”: 从“IUINT32”转换到“float”，可能丢失数据
..\..\..\resources\code\utils.c(359): warning C4244: “=”: 从“IUINT32”转换到“float”，可能丢失数据
..\..\..\resources\code\utils.c(362): warning C4244: “=”: 从“IUINT32”转换到“float”，可能丢失数据
..\..\..\resources\code\utils.c(363): warning C4244: “=”: 从“IUINT32”转换到“float”，可能丢失数据
..\..\..\resources\code\utils.c(364): warning C4244: “=”: 从“IUINT32”转换到“float”，可能丢失数据
..\..\..\resources\code\utils.c(365): warning C4244: “=”: 从“IUINT32”转换到“float”，可能丢失数据
..\..\..\resources\code\utils.c(494): warning C4305: “函数”: 从“double”到“float”截断
  utils_other.c
    正在创建库 C:\Users\lxf\tinyEngine\project\project_windows\Release\tinyEngine.lib 和对象 C:\Users\lxf\tinyEngine\project\project_windows\Release\tinyEngine.exp
LINK : fatal error LNK1561: 必须定义入口点
